c:\users\administrator\desktop\005_pcl\002_software\hpm-3.3\build\x86_windows\x64\debug\encoder_lib\vc140.pdb
c:\users\administrator\desktop\005_pcl\002_software\hpm-3.3\build\x86_windows\x64\debug\encoder_lib\vc140.idb
c:\users\administrator\desktop\005_pcl\002_software\hpm-3.3\build\x86_windows\x64\debug\encoder_lib\enc.obj
c:\users\administrator\desktop\005_pcl\002_software\hpm-3.3\build\x86_windows\x64\debug\encoder_lib\enc_bsw.obj
c:\users\administrator\desktop\005_pcl\002_software\hpm-3.3\build\x86_windows\x64\debug\encoder_lib\enc_eco.obj
c:\users\administrator\desktop\005_pcl\002_software\hpm-3.3\build\x86_windows\x64\debug\encoder_lib\enc_encadaptiveloopfilter.obj
c:\users\administrator\desktop\005_pcl\002_software\hpm-3.3\build\x86_windows\x64\debug\encoder_lib\enc_mode.obj
c:\users\administrator\desktop\005_pcl\002_software\hpm-3.3\build\x86_windows\x64\debug\encoder_lib\enc_pinter.obj
c:\users\administrator\desktop\005_pcl\002_software\hpm-3.3\build\x86_windows\x64\debug\encoder_lib\enc_pintra.obj
c:\users\administrator\desktop\005_pcl\002_software\hpm-3.3\build\x86_windows\x64\debug\encoder_lib\enc_sad.obj
c:\users\administrator\desktop\005_pcl\002_software\hpm-3.3\build\x86_windows\x64\debug\encoder_lib\enc_tbl.obj
c:\users\administrator\desktop\005_pcl\002_software\hpm-3.3\build\x86_windows\x64\debug\encoder_lib\enc_tq.obj
c:\users\administrator\desktop\005_pcl\002_software\hpm-3.3\build\x86_windows\x64\debug\encoder_lib\enc_util.obj
c:\users\administrator\desktop\005_pcl\002_software\hpm-3.3\lib\encoder_lib.lib
c:\users\administrator\desktop\005_pcl\002_software\hpm-3.3\build\x86_windows\..\..\lib\encoder_lib.lib
c:\users\administrator\desktop\005_pcl\002_software\hpm-3.3\build\x86_windows\x64\debug\encoder_lib\encoder_lib.tlog\cl.command.1.tlog
c:\users\administrator\desktop\005_pcl\002_software\hpm-3.3\build\x86_windows\x64\debug\encoder_lib\encoder_lib.tlog\cl.read.1.tlog
c:\users\administrator\desktop\005_pcl\002_software\hpm-3.3\build\x86_windows\x64\debug\encoder_lib\encoder_lib.tlog\cl.write.1.tlog
c:\users\administrator\desktop\005_pcl\002_software\hpm-3.3\build\x86_windows\x64\debug\encoder_lib\encoder_lib.tlog\lib-link.read.1.tlog
c:\users\administrator\desktop\005_pcl\002_software\hpm-3.3\build\x86_windows\x64\debug\encoder_lib\encoder_lib.tlog\lib-link.write.1.tlog
c:\users\administrator\desktop\005_pcl\002_software\hpm-3.3\build\x86_windows\x64\debug\encoder_lib\encoder_lib.tlog\lib.command.1.tlog
