c:\users\administrator\desktop\005_pcl\002_software\hpm-3.3\build\x86_windows\x64\debug\common_lib\vc140.pdb
c:\users\administrator\desktop\005_pcl\002_software\hpm-3.3\build\x86_windows\x64\debug\common_lib\vc140.idb
c:\users\administrator\desktop\005_pcl\002_software\hpm-3.3\build\x86_windows\x64\debug\common_lib\com_comadaptiveloopfilter.obj
c:\users\administrator\desktop\005_pcl\002_software\hpm-3.3\build\x86_windows\x64\debug\common_lib\com_df.obj
c:\users\administrator\desktop\005_pcl\002_software\hpm-3.3\build\x86_windows\x64\debug\common_lib\com_img.obj
c:\users\administrator\desktop\005_pcl\002_software\hpm-3.3\build\x86_windows\x64\debug\common_lib\com_picman.obj
c:\users\administrator\desktop\005_pcl\002_software\hpm-3.3\build\x86_windows\x64\debug\common_lib\com_ipred.obj
c:\users\administrator\desktop\005_pcl\002_software\hpm-3.3\build\x86_windows\x64\debug\common_lib\com_itdq.obj
c:\users\administrator\desktop\005_pcl\002_software\hpm-3.3\build\x86_windows\x64\debug\common_lib\com_mc.obj
c:\users\administrator\desktop\005_pcl\002_software\hpm-3.3\build\x86_windows\x64\debug\common_lib\com_recon.obj
c:\users\administrator\desktop\005_pcl\002_software\hpm-3.3\build\x86_windows\x64\debug\common_lib\com_tbl.obj
c:\users\administrator\desktop\005_pcl\002_software\hpm-3.3\build\x86_windows\x64\debug\common_lib\com_util.obj
c:\users\administrator\desktop\005_pcl\002_software\hpm-3.3\build\x86_windows\x64\debug\common_lib\com_sao.obj
c:\users\administrator\desktop\005_pcl\002_software\hpm-3.3\lib\common_lib.lib
c:\users\administrator\desktop\005_pcl\002_software\hpm-3.3\build\x86_windows\..\..\lib\common_lib.lib
c:\users\administrator\desktop\005_pcl\002_software\hpm-3.3\build\x86_windows\x64\debug\common_lib\common_lib.tlog\cl.command.1.tlog
c:\users\administrator\desktop\005_pcl\002_software\hpm-3.3\build\x86_windows\x64\debug\common_lib\common_lib.tlog\cl.read.1.tlog
c:\users\administrator\desktop\005_pcl\002_software\hpm-3.3\build\x86_windows\x64\debug\common_lib\common_lib.tlog\cl.write.1.tlog
c:\users\administrator\desktop\005_pcl\002_software\hpm-3.3\build\x86_windows\x64\debug\common_lib\common_lib.tlog\lib-link.read.1.tlog
c:\users\administrator\desktop\005_pcl\002_software\hpm-3.3\build\x86_windows\x64\debug\common_lib\common_lib.tlog\lib-link.write.1.tlog
c:\users\administrator\desktop\005_pcl\002_software\hpm-3.3\build\x86_windows\x64\debug\common_lib\common_lib.tlog\lib.command.1.tlog
